<?xml version="1.0" encoding="UTF-8"?>
<!-- Generated by org.testng.reporters.JUnitReportReporter -->
<testsuite hostname="DESKTOP-HFVGVI8" name="com.AppTestCases.Test2" tests="1" failures="0" timestamp="22 Oct 2021 04:24:45 GMT" time="5.104" errors="0">
  <testcase name="SampleTest" time="5.104" classname="com.AppTestCases.Test2"/>
</testsuite> <!-- com.AppTestCases.Test2 -->
