<?xml version="1.0" encoding="UTF-8"?>
<!-- Generated by org.testng.reporters.JUnitReportReporter -->
<testsuite hostname="DESKTOP-HFVGVI8" name="com.AppTestCases.AppTest" tests="1" failures="0" timestamp="22 Oct 2021 04:24:45 GMT" time="5.308" errors="0">
  <testcase name="shouldAnswerWithTrue" time="5.308" classname="com.AppTestCases.AppTest"/>
</testsuite> <!-- com.AppTestCases.AppTest -->
