<?xml version="1.0" encoding="UTF-8"?>
<!-- Generated by org.testng.reporters.JUnitReportReporter -->
<testsuite hostname="DESKTOP-HFVGVI8" name="com.TestCases.LoginAppService" tests="1" failures="0" timestamp="28 Oct 2021 16:31:19 GMT" time="32.415" errors="0">
  <testcase name="login" time="32.415" classname="com.TestCases.LoginAppService"/>
</testsuite> <!-- com.TestCases.LoginAppService -->
